-------------------------------------------------------------------------------
Test set: Visit Mercari web page
-------------------------------------------------------------------------------
Tests run: 1, Failures: 1, Errors: 0, Skipped: 0, Time elapsed: 21.131 s <<< FAILURE! - in Visit Mercari web page
Compare the shoes price(Visit Mercari web page)  Time elapsed: 21.131 s  <<< FAILURE!
org.junit.ComparisonFailure: verify the cheapest price expected:<30[1]> but was:<30[0]>

